02-25 19:16 shapely.geos DEBUG    Found GEOS DLL: <CDLL '/usr/local/anaconda3/envs/hybrid/lib/python3.7/site-packages/shapely/.dylibs/libgeos_c.1.dylib', handle 7fac9b51a9d0 at 0x101855f50>, using it.
02-25 19:16 shapely.geos DEBUG    Trying `CDLL(/usr/lib/libc.dylib)`
02-25 19:16 shapely.geos DEBUG    Library path: '/usr/lib/libc.dylib'
02-25 19:16 shapely.geos DEBUG    DLL: <CDLL '/usr/lib/libc.dylib', handle 10eb32698 at 0x101873090>
02-25 19:16 matplotlib   DEBUG    $HOME=/Users/jannoni
02-25 19:16 matplotlib   DEBUG    CONFIGDIR=/Users/jannoni/.matplotlib
02-25 19:16 matplotlib   DEBUG    matplotlib data path: /usr/local/anaconda3/envs/hybrid/lib/python3.7/site-packages/matplotlib/mpl-data
02-25 19:16 matplotlib   DEBUG    loaded rc file /usr/local/anaconda3/envs/hybrid/lib/python3.7/site-packages/matplotlib/mpl-data/matplotlibrc
02-25 19:16 matplotlib   DEBUG    matplotlib version 3.1.3
02-25 19:16 matplotlib   DEBUG    interactive is False
02-25 19:16 matplotlib   DEBUG    platform is darwin
02-25 19:16 matplotlib   DEBUG    loaded modules: ['sys', 'builtins', '_frozen_importlib', '_imp', '_thread', '_warnings', '_weakref', 'zipimport', '_frozen_importlib_external', '_io', 'marshal', 'posix', 'encodings', 'codecs', '_codecs', 'encodings.aliases', 'encodings.utf_8', '_signal', '__main__', 'encodings.latin_1', 'io', 'abc', '_abc', 'site', 'os', 'stat', '_stat', 'posixpath', 'genericpath', 'os.path', '_collections_abc', '_sitebuiltins', '_bootlocale', '_locale', 'types', 'importlib', 'importlib._bootstrap', 'importlib._bootstrap_external', 'warnings', 'importlib.util', 'importlib.abc', 'importlib.machinery', 'contextlib', 'collections', 'operator', '_operator', 'keyword', 'heapq', '_heapq', 'itertools', 'reprlib', '_collections', 'functools', '_functools', 'mpl_toolkits', 'hybrid', 'hybrid.log', 'logging', 'time', 'traceback', 'linecache', 'tokenize', 're', 'enum', 'sre_compile', '_sre', 'sre_parse', 'sre_constants', 'copyreg', 'token', 'weakref', '_weakrefset', 'collections.abc', 'string', '_string', 'threading', 'atexit', 'pathlib', 'fnmatch', 'ntpath', 'errno', 'urllib', 'urllib.parse', 'defaults', 'defaults.flatirons_site', 'hybrid.site_info', 'shapely', 'shapely.geometry', 'shapely.geometry.base', 'binascii', 'ctypes', '_ctypes', 'struct', '_struct', 'ctypes._endian', 'math', 'shapely.affinity', 'shapely.coords', 'array', 'shapely.geos', 'ctypes.util', 'shutil', 'zlib', 'bz2', '_compression', '_bz2', 'lzma', '_lzma', 'pwd', 'grp', 'subprocess', 'signal', '_posixsubprocess', 'select', 'selectors', 'ctypes.macholib', 'ctypes.macholib.dyld', 'ctypes.macholib.framework', 'ctypes.macholib.dylib', 'glob', 'shapely.ctypes_declarations', 'shapely.errors', 'shapely.topology', 'shapely.impl', 'shapely.algorithms', 'shapely.algorithms.cga', 'shapely.linref', 'shapely.predicates', 'numpy', '__future__', 'numpy._globals', 'numpy.__config__', 'numpy.version', 'numpy._distributor_init', 'numpy.core', 'numpy.core.multiarray', 'numpy.core.overrides', 'textwrap', 'datetime', '_datetime', 'numpy.core._multiarray_umath', 'numpy.compat', 'numpy.compat._inspect', 'numpy.compat.py3k', 'pickle', '_compat_pickle', '_pickle', 'numpy.core.umath', 'numpy.core.numerictypes', 'numbers', 'numpy.core._string_helpers', 'numpy.core._type_aliases', 'numpy.core._dtype', 'numpy.core.numeric', 'numpy.core.shape_base', 'numpy.core._asarray', 'numpy.core.fromnumeric', 'numpy.core._methods', 'numpy.core._exceptions', 'numpy.core._ufunc_config', 'numpy.core.arrayprint', 'numpy.core.defchararray', 'numpy.core.records', 'numpy.core.memmap', 'numpy.core.function_base', 'numpy.core.machar', 'numpy.core.getlimits', 'numpy.core.einsumfunc', 'numpy.core._add_newdocs', 'numpy.core._multiarray_tests', 'numpy.core._dtype_ctypes', 'numpy.core._internal', 'platform', 'numpy._pytesttester', 'numpy.lib', 'numpy.lib.mixins', 'numpy.lib.scimath', 'numpy.lib.type_check', 'numpy.lib.ufunclike', 'numpy.lib.index_tricks', 'numpy.matrixlib', 'numpy.matrixlib.defmatrix', 'ast', '_ast', 'numpy.linalg', 'numpy.linalg.linalg', 'numpy.lib.twodim_base', 'numpy.linalg.lapack_lite', 'numpy.linalg._umath_linalg', 'numpy.lib.function_base', 'numpy.lib.histograms', 'numpy.lib.stride_tricks', 'numpy.lib.nanfunctions', 'numpy.lib.shape_base', 'numpy.lib.polynomial', 'numpy.lib.utils', 'numpy.lib.arraysetops', 'numpy.lib.npyio', 'numpy.lib.format', 'numpy.lib._datasource', 'numpy.lib._iotools', 'numpy.lib.financial', 'decimal', '_decimal', 'numpy.lib.arrayterator', 'numpy.lib.arraypad', 'numpy.lib._version', 'numpy.fft', 'numpy.fft._pocketfft', 'numpy.fft._pocketfft_internal', 'numpy.fft.helper', 'numpy.polynomial', 'numpy.polynomial.polynomial', 'numpy.polynomial.polyutils', 'numpy.polynomial._polybase', 'numpy.polynomial.chebyshev', 'numpy.polynomial.legendre', 'numpy.polynomial.hermite', 'numpy.polynomial.hermite_e', 'numpy.polynomial.laguerre', 'numpy.random', 'numpy.random._pickle', 'numpy.random.mtrand', 'cython_runtime', 'numpy.random._bit_generator', '_cython_0_29_14', 'numpy.random._common', 'secrets', 'base64', 'hmac', '_hashlib', 'hashlib', '_blake2', '_sha3', 'random', 'bisect', '_bisect', '_random', 'numpy.random._bounded_integers', 'numpy.random._mt19937', 'numpy.random._philox', 'numpy.random._pcg64', 'numpy.random._sfc64', 'numpy.random._generator', 'numpy.ctypeslib', 'numpy.ma', 'numpy.ma.core', 'numpy.ma.extras', 'shapely.geometry.geo', 'shapely.geometry.point', 'shapely.geometry.proxy', 'shapely.geometry.linestring', 'shapely.geometry.polygon', 'shapely.geometry.multipoint', 'shapely.geometry.multilinestring', 'shapely.geometry.multipolygon', 'shapely.geometry.collection', 'shapely.speedups', 'shapely.speedups._speedups', 'matplotlib', 'distutils', 'distutils.version', 'inspect', 'dis', 'opcode', '_opcode', 'locale', 'pprint', 'tempfile', 'matplotlib.cbook', 'gzip', 'matplotlib.cbook.deprecation', 'matplotlib.rcsetup', 'matplotlib.fontconfig_pattern', 'pyparsing', 'copy', 'matplotlib.colors', 'matplotlib._color_data', 'cycler', 'six', 'six.moves', 'matplotlib._version', 'json', 'json.decoder', 'json.scanner', '_json', 'json.encoder', 'matplotlib.ft2font', 'dateutil', 'dateutil._version', 'kiwisolver', 'socket', '_socket']
02-25 19:16 matplotlib   DEBUG    CACHEDIR=/Users/jannoni/.matplotlib
02-25 19:16 matplotlib.font_manager DEBUG    Using fontManager instance from /Users/jannoni/.matplotlib/fontlist-v310.json
02-25 19:16 matplotlib.pyplot DEBUG    Loaded backend macosx version unknown.
02-25 19:16 matplotlib.pyplot DEBUG    Loaded backend MacOSX version unknown.
02-25 19:17 urllib3.connectionpool DEBUG    Starting new HTTP connection (1): developer.nrel.gov:80
02-25 19:17 urllib3.connectionpool DEBUG    http://developer.nrel.gov:80 "GET /api/solar/nsrdb_psm3_download.csv?wkt=POINT(-101.945027+35.2018863)&names=2012&leap_day=false&interval=60&utc=false&full_name=hybrid-systems&email=nicholas.diorio@nrel.gov&affiliation=NREL&mailing_list=true&reason=hybrid-analysis&api_key=XqqOzDrg4qGUhC4EmdS2838PQZonRoKxN4Hfx4T4&attributes=ghi,dhi,dni,wind_speed,air_temperature,solar_zenith_angle HTTP/1.1" 200 None
02-25 19:17 urllib3.connectionpool DEBUG    Starting new HTTP connection (1): developer.nrel.gov:80
02-25 19:17 urllib3.connectionpool DEBUG    http://developer.nrel.gov:80 "GET /api/wind-toolkit/wind/wtk_srw_download?year=2012&lat=35.2018863&lon=-101.945027&hubheight=80&api_key=XqqOzDrg4qGUhC4EmdS2838PQZonRoKxN4Hfx4T4 HTTP/1.1" 400 359
02-25 19:17 urllib3.connectionpool DEBUG    Starting new HTTP connection (1): developer.nrel.gov:80
02-25 19:17 urllib3.connectionpool DEBUG    http://developer.nrel.gov:80 "GET /api/wind-toolkit/wind/wtk_srw_download?year=2012&lat=35.2018863&lon=-101.945027&hubheight=80&api_key=XqqOzDrg4qGUhC4EmdS2838PQZonRoKxN4Hfx4T4 HTTP/1.1" 400 359
02-25 19:17 urllib3.connectionpool DEBUG    Starting new HTTP connection (1): developer.nrel.gov:80
02-25 19:17 urllib3.connectionpool DEBUG    http://developer.nrel.gov:80 "GET /api/wind-toolkit/wind/wtk_srw_download?year=2012&lat=35.2018863&lon=-101.945027&hubheight=80&api_key=XqqOzDrg4qGUhC4EmdS2838PQZonRoKxN4Hfx4T4 HTTP/1.1" 200 None
02-25 19:17 hybrid_system INFO     SiteInfo created with lat 35.2018863, lon -101.945027, urdb None, site None
02-25 19:17 hybrid_system INFO     SolarPlant set total_installed_cost to $0.0
02-25 19:17 hybrid_system INFO     SolarPlant set system_capacity to 10000 kW
02-25 19:17 hybrid_system INFO     Created HybridSystem.solar with system size 10 mW
02-25 19:17 hybrid_system INFO     WindPlant set total_installed_cost to $0.0
02-25 19:17 hybrid_system INFO     WindPlant set turb_rating to 500 kW
02-25 19:17 hybrid_system INFO     WindPlant set system_capacity to 16000.0 kW
02-25 19:17 hybrid_system INFO     WindPlant set num turbines to 20 in row
02-25 19:17 hybrid_system DEBUG    WindPlant set xcoords to [0.0, 385.0, 770.0, 1155.0, 1540.0, 1925.0, 2310.0, 2695.0, 3080.0, 3465.0, 3850.0, 4235.0, 4620.0, 5005.0, 5390.0, 5775.0, 6160.0, 6545.0, 6930.0, 7315.0]
02-25 19:17 hybrid_system DEBUG    WindPlant set ycoords to [0.0, 0.0, 0.0, 0.0, 0.0, 0.0, 0.0, 0.0, 0.0, 0.0, 0.0, 0.0, 0.0, 0.0, 0.0, 0.0, 0.0, 0.0, 0.0, 0.0]
02-25 19:17 hybrid_system INFO     WindPlant set system_capacity to 10000.0 kW
02-25 19:17 hybrid_system INFO     Created HybridSystem.wind with system size 10 mW
02-25 19:17 hybrid_system INFO     Created HybridSystem.hybrid_financial
02-25 19:17 hybrid_system INFO     HybridSystem set hybrid financial federal PTC amount to 0.011
02-25 19:17 hybrid_system INFO     HybridSystem set hybrid financial federal ITC amount to 0
02-25 19:17 hybrid_system INFO     HybridSystem set hybrid financial construction_financing_cost to 483529.0
02-25 19:17 hybrid_system INFO     Created HybridSystem.grid with interconnect size 20 mW
02-25 19:17 hybrid_system INFO     SolarPlant set system_capacity to 0.0 kW
02-25 19:17 hybrid_system INFO     WindPlant set num turbines to 40 in row
02-25 19:17 hybrid_system DEBUG    WindPlant set xcoords to [0.0, 385.0, 770.0, 1155.0, 1540.0, 1925.0, 2310.0, 2695.0, 3080.0, 3465.0, 3850.0, 4235.0, 4620.0, 5005.0, 5390.0, 5775.0, 6160.0, 6545.0, 6930.0, 7315.0, 7700.0, 8085.0, 8470.0, 8855.0, 9240.0, 9625.0, 10010.0, 10395.0, 10780.0, 11165.0, 11550.0, 11935.0, 12320.0, 12705.0, 13090.0, 13475.0, 13860.0, 14245.0, 14630.0, 15015.0]
02-25 19:17 hybrid_system DEBUG    WindPlant set ycoords to [0.0, 0.0, 0.0, 0.0, 0.0, 0.0, 0.0, 0.0, 0.0, 0.0, 0.0, 0.0, 0.0, 0.0, 0.0, 0.0, 0.0, 0.0, 0.0, 0.0, 0.0, 0.0, 0.0, 0.0, 0.0, 0.0, 0.0, 0.0, 0.0, 0.0, 0.0, 0.0, 0.0, 0.0, 0.0, 0.0, 0.0, 0.0, 0.0, 0.0]
02-25 19:17 hybrid_system INFO     WindPlant set system_capacity to 20000.0 kW
02-25 19:17 hybrid_system INFO     Run with solar percent 0.0
02-25 19:17 hybrid_system INFO     SolarPlant simulation executed
02-25 19:17 hybrid_system INFO     WindPlant simulation executed
02-25 19:17 hybrid_system INFO     HybridSystem set hybrid system size to 20000.0
02-25 19:17 hybrid_system INFO     HybridSystem set hybrid total installed cost to to 0
02-25 19:17 hybrid_system INFO     Grid simulation executed
02-25 19:17 hybrid_system INFO     SolarPlant set system_capacity to 2000.0 kW
02-25 19:17 hybrid_system INFO     WindPlant set num turbines to 36 in row
02-25 19:17 hybrid_system DEBUG    WindPlant set xcoords to [0.0, 385.0, 770.0, 1155.0, 1540.0, 1925.0, 2310.0, 2695.0, 3080.0, 3465.0, 3850.0, 4235.0, 4620.0, 5005.0, 5390.0, 5775.0, 6160.0, 6545.0, 6930.0, 7315.0, 7700.0, 8085.0, 8470.0, 8855.0, 9240.0, 9625.0, 10010.0, 10395.0, 10780.0, 11165.0, 11550.0, 11935.0, 12320.0, 12705.0, 13090.0, 13475.0]
02-25 19:17 hybrid_system DEBUG    WindPlant set ycoords to [0.0, 0.0, 0.0, 0.0, 0.0, 0.0, 0.0, 0.0, 0.0, 0.0, 0.0, 0.0, 0.0, 0.0, 0.0, 0.0, 0.0, 0.0, 0.0, 0.0, 0.0, 0.0, 0.0, 0.0, 0.0, 0.0, 0.0, 0.0, 0.0, 0.0, 0.0, 0.0, 0.0, 0.0, 0.0, 0.0]
02-25 19:17 hybrid_system INFO     WindPlant set system_capacity to 18000.0 kW
02-25 19:17 hybrid_system INFO     Run with solar percent 0.1
02-25 19:17 hybrid_system INFO     SolarPlant simulation executed
02-25 19:17 hybrid_system INFO     WindPlant simulation executed
02-25 19:17 hybrid_system INFO     HybridSystem set hybrid system size to 20000.0
02-25 19:17 hybrid_system INFO     HybridSystem set hybrid total installed cost to to 0
02-25 19:17 hybrid_system INFO     Grid simulation executed
02-25 19:17 hybrid_system INFO     SolarPlant set system_capacity to 4000.0 kW
02-25 19:17 hybrid_system INFO     WindPlant set num turbines to 32 in row
02-25 19:17 hybrid_system DEBUG    WindPlant set xcoords to [0.0, 385.0, 770.0, 1155.0, 1540.0, 1925.0, 2310.0, 2695.0, 3080.0, 3465.0, 3850.0, 4235.0, 4620.0, 5005.0, 5390.0, 5775.0, 6160.0, 6545.0, 6930.0, 7315.0, 7700.0, 8085.0, 8470.0, 8855.0, 9240.0, 9625.0, 10010.0, 10395.0, 10780.0, 11165.0, 11550.0, 11935.0]
02-25 19:17 hybrid_system DEBUG    WindPlant set ycoords to [0.0, 0.0, 0.0, 0.0, 0.0, 0.0, 0.0, 0.0, 0.0, 0.0, 0.0, 0.0, 0.0, 0.0, 0.0, 0.0, 0.0, 0.0, 0.0, 0.0, 0.0, 0.0, 0.0, 0.0, 0.0, 0.0, 0.0, 0.0, 0.0, 0.0, 0.0, 0.0]
02-25 19:17 hybrid_system INFO     WindPlant set system_capacity to 16000.0 kW
02-25 19:17 hybrid_system INFO     Run with solar percent 0.2
02-25 19:17 hybrid_system INFO     SolarPlant simulation executed
02-25 19:17 hybrid_system INFO     WindPlant simulation executed
02-25 19:17 hybrid_system INFO     HybridSystem set hybrid system size to 20000.0
02-25 19:17 hybrid_system INFO     HybridSystem set hybrid total installed cost to to 0
02-25 19:17 hybrid_system INFO     Grid simulation executed
02-25 19:17 hybrid_system INFO     SolarPlant set system_capacity to 6000.0 kW
02-25 19:17 hybrid_system INFO     WindPlant set num turbines to 28 in row
02-25 19:17 hybrid_system DEBUG    WindPlant set xcoords to [0.0, 385.0, 770.0, 1155.0, 1540.0, 1925.0, 2310.0, 2695.0, 3080.0, 3465.0, 3850.0, 4235.0, 4620.0, 5005.0, 5390.0, 5775.0, 6160.0, 6545.0, 6930.0, 7315.0, 7700.0, 8085.0, 8470.0, 8855.0, 9240.0, 9625.0, 10010.0, 10395.0]
02-25 19:17 hybrid_system DEBUG    WindPlant set ycoords to [0.0, 0.0, 0.0, 0.0, 0.0, 0.0, 0.0, 0.0, 0.0, 0.0, 0.0, 0.0, 0.0, 0.0, 0.0, 0.0, 0.0, 0.0, 0.0, 0.0, 0.0, 0.0, 0.0, 0.0, 0.0, 0.0, 0.0, 0.0]
02-25 19:17 hybrid_system INFO     WindPlant set system_capacity to 14000.0 kW
02-25 19:17 hybrid_system INFO     Run with solar percent 0.3
02-25 19:17 hybrid_system INFO     SolarPlant simulation executed
02-25 19:17 hybrid_system INFO     WindPlant simulation executed
02-25 19:17 hybrid_system INFO     HybridSystem set hybrid system size to 20000.0
02-25 19:17 hybrid_system INFO     HybridSystem set hybrid total installed cost to to 0
02-25 19:17 hybrid_system INFO     Grid simulation executed
02-25 19:17 hybrid_system INFO     SolarPlant set system_capacity to 8000.0 kW
02-25 19:17 hybrid_system INFO     WindPlant set num turbines to 24 in row
02-25 19:17 hybrid_system DEBUG    WindPlant set xcoords to [0.0, 385.0, 770.0, 1155.0, 1540.0, 1925.0, 2310.0, 2695.0, 3080.0, 3465.0, 3850.0, 4235.0, 4620.0, 5005.0, 5390.0, 5775.0, 6160.0, 6545.0, 6930.0, 7315.0, 7700.0, 8085.0, 8470.0, 8855.0]
02-25 19:17 hybrid_system DEBUG    WindPlant set ycoords to [0.0, 0.0, 0.0, 0.0, 0.0, 0.0, 0.0, 0.0, 0.0, 0.0, 0.0, 0.0, 0.0, 0.0, 0.0, 0.0, 0.0, 0.0, 0.0, 0.0, 0.0, 0.0, 0.0, 0.0]
02-25 19:17 hybrid_system INFO     WindPlant set system_capacity to 12000.0 kW
02-25 19:17 hybrid_system INFO     Run with solar percent 0.4
02-25 19:17 hybrid_system INFO     SolarPlant simulation executed
02-25 19:17 hybrid_system INFO     WindPlant simulation executed
02-25 19:17 hybrid_system INFO     HybridSystem set hybrid system size to 20000.0
02-25 19:17 hybrid_system INFO     HybridSystem set hybrid total installed cost to to 0
02-25 19:17 hybrid_system INFO     Grid simulation executed
02-25 19:17 hybrid_system INFO     SolarPlant set system_capacity to 10000.0 kW
02-25 19:17 hybrid_system INFO     WindPlant set num turbines to 20 in row
02-25 19:17 hybrid_system DEBUG    WindPlant set xcoords to [0.0, 385.0, 770.0, 1155.0, 1540.0, 1925.0, 2310.0, 2695.0, 3080.0, 3465.0, 3850.0, 4235.0, 4620.0, 5005.0, 5390.0, 5775.0, 6160.0, 6545.0, 6930.0, 7315.0]
02-25 19:17 hybrid_system DEBUG    WindPlant set ycoords to [0.0, 0.0, 0.0, 0.0, 0.0, 0.0, 0.0, 0.0, 0.0, 0.0, 0.0, 0.0, 0.0, 0.0, 0.0, 0.0, 0.0, 0.0, 0.0, 0.0]
02-25 19:17 hybrid_system INFO     WindPlant set system_capacity to 10000.0 kW
02-25 19:17 hybrid_system INFO     Run with solar percent 0.5
02-25 19:17 hybrid_system INFO     SolarPlant simulation executed
02-25 19:17 hybrid_system INFO     WindPlant simulation executed
02-25 19:17 hybrid_system INFO     HybridSystem set hybrid system size to 20000.0
02-25 19:17 hybrid_system INFO     HybridSystem set hybrid total installed cost to to 0
02-25 19:17 hybrid_system INFO     Grid simulation executed
02-25 19:17 hybrid_system INFO     SolarPlant set system_capacity to 12000.0 kW
02-25 19:17 hybrid_system INFO     WindPlant set num turbines to 16 in row
02-25 19:17 hybrid_system DEBUG    WindPlant set xcoords to [0.0, 385.0, 770.0, 1155.0, 1540.0, 1925.0, 2310.0, 2695.0, 3080.0, 3465.0, 3850.0, 4235.0, 4620.0, 5005.0, 5390.0, 5775.0]
02-25 19:17 hybrid_system DEBUG    WindPlant set ycoords to [0.0, 0.0, 0.0, 0.0, 0.0, 0.0, 0.0, 0.0, 0.0, 0.0, 0.0, 0.0, 0.0, 0.0, 0.0, 0.0]
02-25 19:17 hybrid_system INFO     WindPlant set system_capacity to 8000.0 kW
02-25 19:17 hybrid_system INFO     Run with solar percent 0.6
02-25 19:17 hybrid_system INFO     SolarPlant simulation executed
02-25 19:17 hybrid_system INFO     WindPlant simulation executed
02-25 19:17 hybrid_system INFO     HybridSystem set hybrid system size to 20000.0
02-25 19:17 hybrid_system INFO     HybridSystem set hybrid total installed cost to to 0
02-25 19:17 hybrid_system INFO     Grid simulation executed
02-25 19:17 hybrid_system INFO     SolarPlant set system_capacity to 14000.000000000002 kW
02-25 19:17 hybrid_system INFO     WindPlant set num turbines to 12 in row
02-25 19:17 hybrid_system DEBUG    WindPlant set xcoords to [0.0, 385.0, 770.0, 1155.0, 1540.0, 1925.0, 2310.0, 2695.0, 3080.0, 3465.0, 3850.0, 4235.0]
02-25 19:17 hybrid_system DEBUG    WindPlant set ycoords to [0.0, 0.0, 0.0, 0.0, 0.0, 0.0, 0.0, 0.0, 0.0, 0.0, 0.0, 0.0]
02-25 19:17 hybrid_system INFO     WindPlant set system_capacity to 6000.0 kW
02-25 19:17 hybrid_system INFO     Run with solar percent 0.7000000000000001
02-25 19:17 hybrid_system INFO     SolarPlant simulation executed
02-25 19:17 hybrid_system INFO     WindPlant simulation executed
02-25 19:17 hybrid_system INFO     HybridSystem set hybrid system size to 20000.0
02-25 19:17 hybrid_system INFO     HybridSystem set hybrid total installed cost to to 0
02-25 19:17 hybrid_system INFO     Grid simulation executed
02-25 19:17 hybrid_system INFO     SolarPlant set system_capacity to 16000.0 kW
02-25 19:17 hybrid_system INFO     WindPlant set num turbines to 8 in row
02-25 19:17 hybrid_system DEBUG    WindPlant set xcoords to [0.0, 385.0, 770.0, 1155.0, 1540.0, 1925.0, 2310.0, 2695.0]
02-25 19:17 hybrid_system DEBUG    WindPlant set ycoords to [0.0, 0.0, 0.0, 0.0, 0.0, 0.0, 0.0, 0.0]
02-25 19:17 hybrid_system INFO     WindPlant set system_capacity to 4000.0 kW
02-25 19:17 hybrid_system INFO     Run with solar percent 0.8
02-25 19:17 hybrid_system INFO     SolarPlant simulation executed
02-25 19:17 hybrid_system INFO     WindPlant simulation executed
02-25 19:17 hybrid_system INFO     HybridSystem set hybrid system size to 20000.0
02-25 19:17 hybrid_system INFO     HybridSystem set hybrid total installed cost to to 0
02-25 19:17 hybrid_system INFO     Grid simulation executed
02-25 19:17 hybrid_system INFO     SolarPlant set system_capacity to 18000.0 kW
02-25 19:17 hybrid_system INFO     WindPlant set num turbines to 4 in row
02-25 19:17 hybrid_system DEBUG    WindPlant set xcoords to [0.0, 385.0, 770.0, 1155.0]
02-25 19:17 hybrid_system DEBUG    WindPlant set ycoords to [0.0, 0.0, 0.0, 0.0]
02-25 19:17 hybrid_system INFO     WindPlant set system_capacity to 2000.0 kW
02-25 19:17 hybrid_system INFO     Run with solar percent 0.9
02-25 19:17 hybrid_system INFO     SolarPlant simulation executed
02-25 19:17 hybrid_system INFO     WindPlant simulation executed
02-25 19:17 hybrid_system INFO     HybridSystem set hybrid system size to 20000.0
02-25 19:17 hybrid_system INFO     HybridSystem set hybrid total installed cost to to 0
02-25 19:17 hybrid_system INFO     Grid simulation executed
02-25 19:17 hybrid_system INFO     SolarPlant set system_capacity to 20000.0 kW
02-25 19:17 hybrid_system INFO     WindPlant set num turbines to 0 in row
02-25 19:17 hybrid_system DEBUG    WindPlant set xcoords to []
02-25 19:17 hybrid_system DEBUG    WindPlant set ycoords to []
02-25 19:17 hybrid_system INFO     WindPlant set system_capacity to 0.0 kW
02-25 19:17 hybrid_system INFO     Run with solar percent 1.0
02-25 19:17 hybrid_system INFO     SolarPlant simulation executed
02-25 19:17 hybrid_system INFO     WindPlant simulation executed
02-25 19:17 hybrid_system INFO     HybridSystem set hybrid system size to 20000.0
02-25 19:17 hybrid_system INFO     HybridSystem set hybrid total installed cost to to 0
02-25 19:17 hybrid_system INFO     Grid simulation executed
